<?xml version="1.0" encoding="UTF-8"?>
<testng-results ignored="0" total="1" passed="1" failed="0" skipped="0">
  <reporter-output>
  </reporter-output>
  <suite started-at="2025-01-25T14:22:47 IST" name="Default suite" finished-at="2025-01-25T14:22:47 IST" duration-ms="70">
    <groups>
    </groups>
    <test started-at="2025-01-25T14:22:47 IST" name="Default test" finished-at="2025-01-25T14:22:47 IST" duration-ms="70">
      <class name="testcase1.java">
        <test-method signature="a()[pri:0, instance:testcase1.java@4d1bf319]" started-at="2025-01-25T14:22:47 IST" name="a" finished-at="2025-01-25T14:22:47 IST" duration-ms="11" status="PASS">
          <reporter-output>
          </reporter-output>
        </test-method> <!-- a -->
      </class> <!-- testcase1.java -->
    </test> <!-- Default test -->
  </suite> <!-- Default suite -->
</testng-results>
