<?xml version="1.0" encoding="UTF-8"?>
<testng-results ignored="0" total="1" passed="1" failed="0" skipped="0">
  <reporter-output>
  </reporter-output>
  <suite started-at="2025-02-03T19:37:58 IST" name="Default suite" finished-at="2025-02-03T19:38:02 IST" duration-ms="3653">
    <groups>
    </groups>
    <test started-at="2025-02-03T19:37:58 IST" name="Default test" finished-at="2025-02-03T19:38:02 IST" duration-ms="3653">
      <class name="Learning.day2">
        <test-method signature="a()[pri:0, instance:Learning.day2@7d898981]" started-at="2025-02-03T19:37:58 IST" name="a" finished-at="2025-02-03T19:38:02 IST" duration-ms="3601" status="PASS">
          <reporter-output>
          </reporter-output>
        </test-method> <!-- a -->
      </class> <!-- Learning.day2 -->
    </test> <!-- Default test -->
  </suite> <!-- Default suite -->
</testng-results>
